<?xml version="1.0" encoding="UTF-8"?>
<!-- Generated by org.testng.reporters.JUnitXMLReporter -->
<testsuite ignored="0" hostname="AHM-L-SohanK" failures="2" tests="4" name="Banking App Login" time="31.587" errors="0" timestamp="2022-04-01T15:06:18 IST">
  <testcase classname="eBanking.testCases.TC_LoginTest" name="loginTest" time="4.78"/>
  <testcase classname="eBanking.testCases.TC_AddNewCustomer" name="addCustomerTest" time="11.077"/>
  <testcase classname="eBanking.testCases.TC_LoginTest2_without_DDT" name="loginTest" time="5.967">
    <failure type="java.lang.AssertionError" message="expected [true] but found [false]">
      <![CDATA[java.lang.AssertionError: expected [true] but found [false]
at eBanking.testCases.TC_LoginTest2_without_DDT.loginTest(TC_LoginTest2_without_DDT.java:39)
at java.base/java.util.ArrayList.forEach(ArrayList.java:1511)
... Removed 34 stack frames]]>
    </failure>
  </testcase> <!-- loginTest -->
  <testcase classname="eBanking.testCases.TC_LoginTest2_without_DDT" name="loginTest" time="3.363">
    <failure type="java.lang.AssertionError" message="expected [true] but found [false]">
      <![CDATA[java.lang.AssertionError: expected [true] but found [false]
at eBanking.testCases.TC_LoginTest2_without_DDT.loginTest(TC_LoginTest2_without_DDT.java:39)
at java.base/java.util.ArrayList.forEach(ArrayList.java:1511)
... Removed 34 stack frames]]>
    </failure>
  </testcase> <!-- loginTest -->
</testsuite> <!-- Banking App Login -->
