<?xml version="1.0" encoding="UTF-8"?>
<!-- Generated by org.testng.reporters.JUnitXMLReporter -->
<testsuite ignored="0" hostname="AHM-L-SohanK" failures="4" tests="5" name="Banking App Login" time="52.956" errors="0" timestamp="2022-03-24T13:36:47 IST">
  <testcase classname="eBanking.testCases.TC_LoginTest" name="loginTest" time="16.827"/>
  <testcase classname="eBanking.testCases.TC_LoginDDT_001" name="loginDDT" time="6.189">
    <failure type="java.lang.AssertionError" message="expected [true] but found [false]">
      <![CDATA[java.lang.AssertionError: expected [true] but found [false]
at eBanking.testCases.TC_LoginDDT_001.loginDDT(TC_LoginDDT_001.java:31)
at java.base/java.util.ArrayList.forEach(ArrayList.java:1511)
... Removed 34 stack frames]]>
    </failure>
  </testcase> <!-- loginDDT -->
  <testcase classname="eBanking.testCases.TC_LoginDDT_001" name="loginDDT" time="10.072">
    <failure type="java.lang.AssertionError" message="expected [true] but found [false]">
      <![CDATA[java.lang.AssertionError: expected [true] but found [false]
at eBanking.testCases.TC_LoginDDT_001.loginDDT(TC_LoginDDT_001.java:31)
at java.base/java.util.ArrayList.forEach(ArrayList.java:1511)
... Removed 34 stack frames]]>
    </failure>
  </testcase> <!-- loginDDT -->
  <testcase classname="eBanking.testCases.TC_LoginDDT_001" name="loginDDT" time="10.566">
    <failure type="java.lang.AssertionError" message="expected [true] but found [false]">
      <![CDATA[java.lang.AssertionError: expected [true] but found [false]
at eBanking.testCases.TC_LoginDDT_001.loginDDT(TC_LoginDDT_001.java:31)
at java.base/java.util.ArrayList.forEach(ArrayList.java:1511)
... Removed 34 stack frames]]>
    </failure>
  </testcase> <!-- loginDDT -->
  <testcase classname="eBanking.testCases.TC_LoginDDT_001" name="loginDDT" time="4.209">
    <failure type="java.lang.AssertionError" message="expected [true] but found [false]">
      <![CDATA[java.lang.AssertionError: expected [true] but found [false]
at eBanking.testCases.TC_LoginDDT_001.loginDDT(TC_LoginDDT_001.java:31)
at java.base/java.util.ArrayList.forEach(ArrayList.java:1511)
... Removed 34 stack frames]]>
    </failure>
  </testcase> <!-- loginDDT -->
</testsuite> <!-- Banking App Login -->
