<?xml version="1.0" encoding="UTF-8"?>
<!-- Generated by org.testng.reporters.JUnitXMLReporter -->
<testsuite ignored="0" hostname="AHM-L-SohanK" failures="1" tests="1" name="Banking App Login" time="180.779" errors="0" timestamp="2022-04-04T20:26:59 IST">
  <testcase classname="eBanking.testCases.TC_LoginTest" name="loginTest" time="98.149">
    <failure type="java.lang.AssertionError" message="expected [true] but found [false]">
      <![CDATA[java.lang.AssertionError: expected [true] but found [false]
at eBanking.testCases.TC_LoginTest.loginTest(TC_LoginTest.java:37)
at java.base/java.util.ArrayList.forEach(ArrayList.java:1511)
... Removed 31 stack frames]]>
    </failure>
  </testcase> <!-- loginTest -->
</testsuite> <!-- Banking App Login -->
