<?xml version="1.0" encoding="UTF-8"?>
<testng-results skipped="0" failed="2" ignored="0" total="8" passed="6">
  <reporter-output>
  </reporter-output>
  <suite name="E-Banking_V1" duration-ms="90126" started-at="2022-03-24T13:20:43 IST" finished-at="2022-03-24T13:22:13 IST">
    <groups>
    </groups>
    <test name="Banking App Login" duration-ms="90126" started-at="2022-03-24T13:20:43 IST" finished-at="2022-03-24T13:22:13 IST">
      <class name="eBanking.testCases.TC_LoginDDT_001">
        <test-method status="PASS" signature="setup(java.lang.String)[pri:0, instance:eBanking.testCases.TC_LoginDDT_001@50b494a6]" name="setup" is-config="true" duration-ms="1347" started-at="2022-03-24T13:20:52 IST" finished-at="2022-03-24T13:20:54 IST">
          <params>
            <param index="0">
              <value>
                <![CDATA[chrome]]>
              </value>
            </param>
          </params>
          <reporter-output>
          </reporter-output>
        </test-method> <!-- setup -->
        <test-method status="PASS" signature="loginDDT(java.lang.String,java.lang.String)[pri:0, instance:eBanking.testCases.TC_LoginDDT_001@50b494a6]" name="loginDDT" duration-ms="5082" started-at="2022-03-24T13:20:54 IST" data-provider="LoginData" finished-at="2022-03-24T13:20:59 IST">
          <params>
            <param index="0">
              <value>
                <![CDATA[mngr385784]]>
              </value>
            </param>
            <param index="1">
              <value>
                <![CDATA[yhabUsa]]>
              </value>
            </param>
          </params>
          <reporter-output>
          </reporter-output>
        </test-method> <!-- loginDDT -->
        <test-method status="PASS" signature="loginDDT(java.lang.String,java.lang.String)[pri:0, instance:eBanking.testCases.TC_LoginDDT_001@50b494a6]" name="loginDDT" duration-ms="3569" started-at="2022-03-24T13:20:59 IST" data-provider="LoginData" finished-at="2022-03-24T13:21:03 IST">
          <params>
            <param index="0">
              <value>
                <![CDATA[test1]]>
              </value>
            </param>
            <param index="1">
              <value>
                <![CDATA[wrog]]>
              </value>
            </param>
          </params>
          <reporter-output>
          </reporter-output>
        </test-method> <!-- loginDDT -->
        <test-method status="PASS" signature="loginDDT(java.lang.String,java.lang.String)[pri:0, instance:eBanking.testCases.TC_LoginDDT_001@50b494a6]" name="loginDDT" duration-ms="3989" started-at="2022-03-24T13:21:03 IST" data-provider="LoginData" finished-at="2022-03-24T13:21:07 IST">
          <params>
            <param index="0">
              <value>
                <![CDATA[test2]]>
              </value>
            </param>
            <param index="1">
              <value>
                <![CDATA[wrong2]]>
              </value>
            </param>
          </params>
          <reporter-output>
          </reporter-output>
        </test-method> <!-- loginDDT -->
        <test-method status="PASS" signature="loginDDT(java.lang.String,java.lang.String)[pri:0, instance:eBanking.testCases.TC_LoginDDT_001@50b494a6]" name="loginDDT" duration-ms="4024" started-at="2022-03-24T13:21:07 IST" data-provider="LoginData" finished-at="2022-03-24T13:21:11 IST">
          <params>
            <param index="0">
              <value>
                <![CDATA[test3]]>
              </value>
            </param>
            <param index="1">
              <value>
                <![CDATA[wrong3]]>
              </value>
            </param>
          </params>
          <reporter-output>
          </reporter-output>
        </test-method> <!-- loginDDT -->
        <test-method status="PASS" signature="teardown()[pri:0, instance:eBanking.testCases.TC_LoginDDT_001@50b494a6]" name="teardown" is-config="true" duration-ms="700" started-at="2022-03-24T13:21:11 IST" finished-at="2022-03-24T13:21:12 IST">
          <reporter-output>
          </reporter-output>
        </test-method> <!-- teardown -->
      </class> <!-- eBanking.testCases.TC_LoginDDT_001 -->
      <class name="eBanking.testCases.TC_LoginTest2_without_DDT">
        <test-method status="PASS" signature="setup(java.lang.String)[pri:0, instance:eBanking.testCases.TC_LoginTest2_without_DDT@32709393]" name="setup" is-config="true" duration-ms="1455" started-at="2022-03-24T13:21:38 IST" finished-at="2022-03-24T13:21:39 IST">
          <params>
            <param index="0">
              <value>
                <![CDATA[chrome]]>
              </value>
            </param>
          </params>
          <reporter-output>
          </reporter-output>
        </test-method> <!-- setup -->
        <test-method status="FAIL" signature="loginTest()[pri:0, instance:eBanking.testCases.TC_LoginTest2_without_DDT@32709393]" name="loginTest" duration-ms="16700" started-at="2022-03-24T13:21:39 IST" finished-at="2022-03-24T13:21:56 IST">
          <exception class="java.lang.AssertionError">
            <message>
              <![CDATA[expected [true] but found [false]]]>
            </message>
            <full-stacktrace>
              <![CDATA[java.lang.AssertionError: expected [true] but found [false]
at org.testng.Assert.fail(Assert.java:99)
at org.testng.Assert.failNotEquals(Assert.java:1037)
at org.testng.Assert.assertTrue(Assert.java:45)
at org.testng.Assert.assertTrue(Assert.java:55)
at eBanking.testCases.TC_LoginTest2_without_DDT.loginTest(TC_LoginTest2_without_DDT.java:39)
at sun.reflect.NativeMethodAccessorImpl.invoke0(Native Method)
at sun.reflect.NativeMethodAccessorImpl.invoke(NativeMethodAccessorImpl.java:62)
at sun.reflect.DelegatingMethodAccessorImpl.invoke(DelegatingMethodAccessorImpl.java:43)
at java.lang.reflect.Method.invoke(Method.java:498)
at org.testng.internal.MethodInvocationHelper.invokeMethod(MethodInvocationHelper.java:133)
at org.testng.internal.TestInvoker.invokeMethod(TestInvoker.java:598)
at org.testng.internal.TestInvoker.invokeTestMethod(TestInvoker.java:173)
at org.testng.internal.MethodRunner.runInSequence(MethodRunner.java:46)
at org.testng.internal.TestInvoker$MethodInvocationAgent.invoke(TestInvoker.java:824)
at org.testng.internal.TestInvoker.invokeTestMethods(TestInvoker.java:146)
at org.testng.internal.TestMethodWorker.invokeTestMethods(TestMethodWorker.java:146)
at org.testng.internal.TestMethodWorker.run(TestMethodWorker.java:128)
at java.util.ArrayList.forEach(ArrayList.java:1249)
at org.testng.TestRunner.privateRun(TestRunner.java:794)
at org.testng.TestRunner.run(TestRunner.java:596)
at org.testng.SuiteRunner.runTest(SuiteRunner.java:377)
at org.testng.SuiteRunner.runSequentially(SuiteRunner.java:371)
at org.testng.SuiteRunner.privateRun(SuiteRunner.java:332)
at org.testng.SuiteRunner.run(SuiteRunner.java:276)
at org.testng.SuiteRunnerWorker.runSuite(SuiteRunnerWorker.java:53)
at org.testng.SuiteRunnerWorker.run(SuiteRunnerWorker.java:96)
at org.testng.TestNG.runSuitesSequentially(TestNG.java:1212)
at org.testng.TestNG.runSuitesLocally(TestNG.java:1134)
at org.testng.TestNG.runSuites(TestNG.java:1063)
at org.testng.TestNG.run(TestNG.java:1031)
at org.apache.maven.surefire.testng.TestNGExecutor.run(TestNGExecutor.java:295)
at org.apache.maven.surefire.testng.TestNGXmlTestSuite.execute(TestNGXmlTestSuite.java:84)
at org.apache.maven.surefire.testng.TestNGProvider.invoke(TestNGProvider.java:90)
at org.apache.maven.surefire.booter.ForkedBooter.invokeProviderInSameClassLoader(ForkedBooter.java:203)
at org.apache.maven.surefire.booter.ForkedBooter.runSuitesInProcess(ForkedBooter.java:155)
at org.apache.maven.surefire.booter.ForkedBooter.main(ForkedBooter.java:103)
]]>
            </full-stacktrace>
          </exception> <!-- java.lang.AssertionError -->
          <reporter-output>
          </reporter-output>
        </test-method> <!-- loginTest -->
        <test-method status="FAIL" signature="loginTest()[pri:0, instance:eBanking.testCases.TC_LoginTest2_without_DDT@32709393]" name="loginTest" duration-ms="16329" started-at="2022-03-24T13:21:56 IST" finished-at="2022-03-24T13:22:12 IST">
          <exception class="java.lang.AssertionError">
            <message>
              <![CDATA[expected [true] but found [false]]]>
            </message>
            <full-stacktrace>
              <![CDATA[java.lang.AssertionError: expected [true] but found [false]
at org.testng.Assert.fail(Assert.java:99)
at org.testng.Assert.failNotEquals(Assert.java:1037)
at org.testng.Assert.assertTrue(Assert.java:45)
at org.testng.Assert.assertTrue(Assert.java:55)
at eBanking.testCases.TC_LoginTest2_without_DDT.loginTest(TC_LoginTest2_without_DDT.java:39)
at sun.reflect.NativeMethodAccessorImpl.invoke0(Native Method)
at sun.reflect.NativeMethodAccessorImpl.invoke(NativeMethodAccessorImpl.java:62)
at sun.reflect.DelegatingMethodAccessorImpl.invoke(DelegatingMethodAccessorImpl.java:43)
at java.lang.reflect.Method.invoke(Method.java:498)
at org.testng.internal.MethodInvocationHelper.invokeMethod(MethodInvocationHelper.java:133)
at org.testng.internal.TestInvoker.invokeMethod(TestInvoker.java:598)
at org.testng.internal.TestInvoker.invokeTestMethod(TestInvoker.java:173)
at org.testng.internal.MethodRunner.runInSequence(MethodRunner.java:46)
at org.testng.internal.TestInvoker$MethodInvocationAgent.invoke(TestInvoker.java:824)
at org.testng.internal.TestInvoker.invokeTestMethods(TestInvoker.java:146)
at org.testng.internal.TestMethodWorker.invokeTestMethods(TestMethodWorker.java:146)
at org.testng.internal.TestMethodWorker.run(TestMethodWorker.java:128)
at java.util.ArrayList.forEach(ArrayList.java:1249)
at org.testng.TestRunner.privateRun(TestRunner.java:794)
at org.testng.TestRunner.run(TestRunner.java:596)
at org.testng.SuiteRunner.runTest(SuiteRunner.java:377)
at org.testng.SuiteRunner.runSequentially(SuiteRunner.java:371)
at org.testng.SuiteRunner.privateRun(SuiteRunner.java:332)
at org.testng.SuiteRunner.run(SuiteRunner.java:276)
at org.testng.SuiteRunnerWorker.runSuite(SuiteRunnerWorker.java:53)
at org.testng.SuiteRunnerWorker.run(SuiteRunnerWorker.java:96)
at org.testng.TestNG.runSuitesSequentially(TestNG.java:1212)
at org.testng.TestNG.runSuitesLocally(TestNG.java:1134)
at org.testng.TestNG.runSuites(TestNG.java:1063)
at org.testng.TestNG.run(TestNG.java:1031)
at org.apache.maven.surefire.testng.TestNGExecutor.run(TestNGExecutor.java:295)
at org.apache.maven.surefire.testng.TestNGXmlTestSuite.execute(TestNGXmlTestSuite.java:84)
at org.apache.maven.surefire.testng.TestNGProvider.invoke(TestNGProvider.java:90)
at org.apache.maven.surefire.booter.ForkedBooter.invokeProviderInSameClassLoader(ForkedBooter.java:203)
at org.apache.maven.surefire.booter.ForkedBooter.runSuitesInProcess(ForkedBooter.java:155)
at org.apache.maven.surefire.booter.ForkedBooter.main(ForkedBooter.java:103)
]]>
            </full-stacktrace>
          </exception> <!-- java.lang.AssertionError -->
          <reporter-output>
          </reporter-output>
        </test-method> <!-- loginTest -->
        <test-method status="PASS" signature="teardown()[pri:0, instance:eBanking.testCases.TC_LoginTest2_without_DDT@32709393]" name="teardown" is-config="true" duration-ms="749" started-at="2022-03-24T13:22:12 IST" finished-at="2022-03-24T13:22:13 IST">
          <reporter-output>
          </reporter-output>
        </test-method> <!-- teardown -->
      </class> <!-- eBanking.testCases.TC_LoginTest2_without_DDT -->
      <class name="eBanking.testCases.TC_AddNewCustomer">
        <test-method status="PASS" signature="setup(java.lang.String)[pri:0, instance:eBanking.testCases.TC_AddNewCustomer@3cef309d]" name="setup" is-config="true" duration-ms="1537" started-at="2022-03-24T13:21:12 IST" finished-at="2022-03-24T13:21:13 IST">
          <params>
            <param index="0">
              <value>
                <![CDATA[chrome]]>
              </value>
            </param>
          </params>
          <reporter-output>
          </reporter-output>
        </test-method> <!-- setup -->
        <test-method status="PASS" signature="addCustomerTest()[pri:0, instance:eBanking.testCases.TC_AddNewCustomer@3cef309d]" name="addCustomerTest" duration-ms="23954" started-at="2022-03-24T13:21:13 IST" finished-at="2022-03-24T13:21:37 IST">
          <reporter-output>
          </reporter-output>
        </test-method> <!-- addCustomerTest -->
        <test-method status="PASS" signature="teardown()[pri:0, instance:eBanking.testCases.TC_AddNewCustomer@3cef309d]" name="teardown" is-config="true" duration-ms="717" started-at="2022-03-24T13:21:37 IST" finished-at="2022-03-24T13:21:38 IST">
          <reporter-output>
          </reporter-output>
        </test-method> <!-- teardown -->
      </class> <!-- eBanking.testCases.TC_AddNewCustomer -->
      <class name="eBanking.testCases.TC_LoginTest">
        <test-method status="PASS" signature="setup(java.lang.String)[pri:0, instance:eBanking.testCases.TC_LoginTest@1f36e637]" name="setup" is-config="true" duration-ms="2365" started-at="2022-03-24T13:20:43 IST" finished-at="2022-03-24T13:20:46 IST">
          <params>
            <param index="0">
              <value>
                <![CDATA[chrome]]>
              </value>
            </param>
          </params>
          <reporter-output>
          </reporter-output>
        </test-method> <!-- setup -->
        <test-method status="PASS" signature="loginTest()[pri:0, instance:eBanking.testCases.TC_LoginTest@1f36e637]" name="loginTest" duration-ms="5875" started-at="2022-03-24T13:20:46 IST" finished-at="2022-03-24T13:20:51 IST">
          <reporter-output>
          </reporter-output>
        </test-method> <!-- loginTest -->
        <test-method status="PASS" signature="teardown()[pri:0, instance:eBanking.testCases.TC_LoginTest@1f36e637]" name="teardown" is-config="true" duration-ms="679" started-at="2022-03-24T13:20:52 IST" finished-at="2022-03-24T13:20:52 IST">
          <reporter-output>
          </reporter-output>
        </test-method> <!-- teardown -->
      </class> <!-- eBanking.testCases.TC_LoginTest -->
    </test> <!-- Banking App Login -->
  </suite> <!-- E-Banking_V1 -->
</testng-results>
