<?xml version="1.0" encoding="UTF-8"?>
<testng-results ignored="0" total="2" passed="2" failed="0" skipped="0">
  <reporter-output>
  </reporter-output>
  <suite started-at="2022-04-06T12:15:38 IST" name="E-Banking_V1" finished-at="2022-04-06T12:16:08 IST" duration-ms="29139">
    <groups>
    </groups>
    <test started-at="2022-04-06T12:15:38 IST" name="Banking App Login" finished-at="2022-04-06T12:16:08 IST" duration-ms="29139">
      <class name="eBanking.testCases.TC_LoginTest">
        <test-method is-config="true" signature="setup(java.lang.String)[pri:0, instance:eBanking.testCases.TC_LoginTest@7530ad9c]" started-at="2022-04-06T12:15:39 IST" name="setup" finished-at="2022-04-06T12:15:41 IST" duration-ms="2485" status="PASS">
          <params>
            <param index="0">
              <value>
                <![CDATA[chrome]]>
              </value>
            </param>
          </params>
          <reporter-output>
          </reporter-output>
        </test-method> <!-- setup -->
        <test-method signature="loginTest()[pri:0, instance:eBanking.testCases.TC_LoginTest@7530ad9c]" started-at="2022-04-06T12:15:41 IST" name="loginTest" finished-at="2022-04-06T12:15:49 IST" duration-ms="8177" status="PASS">
          <reporter-output>
          </reporter-output>
        </test-method> <!-- loginTest -->
        <test-method is-config="true" signature="teardown()[pri:0, instance:eBanking.testCases.TC_LoginTest@7530ad9c]" started-at="2022-04-06T12:15:50 IST" name="teardown" finished-at="2022-04-06T12:15:50 IST" duration-ms="163" status="PASS">
          <reporter-output>
          </reporter-output>
        </test-method> <!-- teardown -->
      </class> <!-- eBanking.testCases.TC_LoginTest -->
      <class name="eBanking.testCases.TC_AddNewCustomer">
        <test-method is-config="true" signature="setup(java.lang.String)[pri:0, instance:eBanking.testCases.TC_AddNewCustomer@707194ba]" started-at="2022-04-06T12:15:50 IST" name="setup" finished-at="2022-04-06T12:15:51 IST" duration-ms="1645" status="PASS">
          <params>
            <param index="0">
              <value>
                <![CDATA[chrome]]>
              </value>
            </param>
          </params>
          <reporter-output>
          </reporter-output>
        </test-method> <!-- setup -->
        <test-method signature="addCustomerTest()[pri:0, instance:eBanking.testCases.TC_AddNewCustomer@707194ba]" started-at="2022-04-06T12:15:51 IST" name="addCustomerTest" finished-at="2022-04-06T12:16:07 IST" duration-ms="15967" status="PASS">
          <reporter-output>
          </reporter-output>
        </test-method> <!-- addCustomerTest -->
        <test-method is-config="true" signature="teardown()[pri:0, instance:eBanking.testCases.TC_AddNewCustomer@707194ba]" started-at="2022-04-06T12:16:07 IST" name="teardown" finished-at="2022-04-06T12:16:08 IST" duration-ms="225" status="PASS">
          <reporter-output>
          </reporter-output>
        </test-method> <!-- teardown -->
      </class> <!-- eBanking.testCases.TC_AddNewCustomer -->
    </test> <!-- Banking App Login -->
  </suite> <!-- E-Banking_V1 -->
</testng-results>
