<?xml version="1.0" encoding="UTF-8"?>
<testsuite name="TestSuite" time="21.848" tests="4" errors="0" skipped="0" failures="2">
  <properties>
[...]
</properties>
  <testcase name="loginTest" classname="eBanking.testCases.TC_LoginTest" time="4.801"/>
  <testcase name="addCustomerTest" classname="eBanking.testCases.TC_AddNewCustomer" time="11.077"/>
  <testcase name="loginTest" classname="eBanking.testCases.TC_LoginTest2_without_DDT" time="5.97">
    <failure message="expected [true] but found [false]" type="java.lang.AssertionError">java.lang.AssertionError: expected [true] but found [false]
	at org.testng.Assert.fail(Assert.java:99)
	at org.testng.Assert.failNotEquals(Assert.java:1037)
	at org.testng.Assert.assertTrue(Assert.java:45)
	at org.testng.Assert.assertTrue(Assert.java:55)
	at eBanking.testCases.TC_LoginTest2_without_DDT.loginTest(TC_LoginTest2_without_DDT.java:39)
</failure>
    <system-out><![CDATA[Yjnhs@gamil.com
HFOpy
]]></system-out>
    <system-err><![CDATA[[main] INFO io.github.bonigarcia.wdm.WebDriverManager - Using chromedriver 99.0.4844.51 (resolved driver for Chrome 99)
[main] INFO io.github.bonigarcia.wdm.WebDriverManager - Exporting webdriver.chrome.driver as C:\Users\sohan.kulkarni\.cache\selenium\chromedriver\win32\99.0.4844.51\chromedriver.exe
Starting ChromeDriver 99.0.4844.51 (d537ec02474b5afe23684e7963d538896c63ac77-refs/branch-heads/4844@{#875}) on port 8853
Only local connections are allowed.
Please see https://chromedriver.chromium.org/security-considerations for suggestions on keeping ChromeDriver safe.
ChromeDriver was started successfully.
Apr 01, 2022 3:06:09 PM org.openqa.selenium.remote.ProtocolHandshake createSession
INFO: Detected dialect: W3C
]]></system-err>
  </testcase>
  <testcase name="loginTest" classname="eBanking.testCases.TC_LoginTest2_without_DDT" time="3.364">
    <failure message="expected [true] but found [false]" type="java.lang.AssertionError">java.lang.AssertionError: expected [true] but found [false]
	at org.testng.Assert.fail(Assert.java:99)
	at org.testng.Assert.failNotEquals(Assert.java:1037)
	at org.testng.Assert.assertTrue(Assert.java:45)
	at org.testng.Assert.assertTrue(Assert.java:55)
	at eBanking.testCases.TC_LoginTest2_without_DDT.loginTest(TC_LoginTest2_without_DDT.java:39)
</failure>
    <system-out><![CDATA[dEVLS@gamil.com
CfguU
]]></system-out>
  </testcase>
</testsuite>